Change Component Designator: OldDesignator=C? NewDesignator=C1
Change Component Designator: OldDesignator=C? NewDesignator=C2
Change Component Designator: OldDesignator=C? NewDesignator=C3
Change Component Designator: OldDesignator=C? NewDesignator=C4
Change Component Designator: OldDesignator=C? NewDesignator=C5
Change Component Designator: OldDesignator=C? NewDesignator=C6
Change Component Designator: OldDesignator=P? NewDesignator=P2
Change Component Designator: OldDesignator=R? NewDesignator=R1
Change Component Designator: OldDesignator=R? NewDesignator=R2
Change Component Designator: OldDesignator=R? NewDesignator=R3
Change Component Designator: OldDesignator=R? NewDesignator=R4
Change Component Designator: OldDesignator=R? NewDesignator=R5
Change Component Designator: OldDesignator=R? NewDesignator=R6
Change Component Designator: OldDesignator=S? NewDesignator=S1
Change Component Designator: OldDesignator=S? NewDesignator=S2
Change Component Designator: OldDesignator=S? NewDesignator=S3
Change Component Designator: OldDesignator=S? NewDesignator=S4
Change Component Designator: OldDesignator=S? NewDesignator=S5
Change Component Designator: OldDesignator=S? NewDesignator=S6
Change Net Name : Old Net Name=NetC?_1 New Net Name=NetC3_1
Change Net Name : Old Net Name=NetC?_2 New Net Name=NetC5_2
Added Pin To Net: NetName=NetC1_1 Pin=C1-1
Added Pin To Net: NetName=NetC1_1 Pin=S1-1
Added Pin To Net: NetName=NetC1_1 Pin=U1-37
Added Net: Name=NetC1_1
Added Pin To Net: NetName=NetC1_2 Pin=C1-2
Added Pin To Net: NetName=NetC1_2 Pin=R1-1
Added Pin To Net: NetName=NetC1_2 Pin=S1-2
Added Net: Name=NetC1_2
Added Pin To Net: NetName=NetC2_1 Pin=C2-1
Added Pin To Net: NetName=NetC2_1 Pin=S2-1
Added Pin To Net: NetName=NetC2_1 Pin=U1-36
Added Net: Name=NetC2_1
Added Pin To Net: NetName=NetC2_2 Pin=C2-2
Added Pin To Net: NetName=NetC2_2 Pin=R2-1
Added Pin To Net: NetName=NetC2_2 Pin=S2-2
Added Net: Name=NetC2_2
Added Pin To Net: NetName=NetC3_2 Pin=C3-2
Added Pin To Net: NetName=NetC3_2 Pin=R3-1
Added Pin To Net: NetName=NetC3_2 Pin=S3-2
Added Net: Name=NetC3_2
Added Pin To Net: NetName=NetC4_1 Pin=C4-1
Added Pin To Net: NetName=NetC4_1 Pin=S4-1
Added Pin To Net: NetName=NetC4_1 Pin=U1-31
Added Net: Name=NetC4_1
Added Pin To Net: NetName=NetC4_2 Pin=C4-2
Added Pin To Net: NetName=NetC4_2 Pin=R4-1
Added Pin To Net: NetName=NetC4_2 Pin=S4-2
Added Net: Name=NetC4_2
Added Pin To Net: NetName=NetC5_1 Pin=C5-1
Added Pin To Net: NetName=NetC5_1 Pin=S5-1
Added Pin To Net: NetName=NetC5_1 Pin=U1-30
Added Net: Name=NetC5_1
Added Pin To Net: NetName=NetC6_1 Pin=C6-1
Added Pin To Net: NetName=NetC6_1 Pin=S6-1
Added Pin To Net: NetName=NetC6_1 Pin=U1-29
Added Net: Name=NetC6_1
Added Pin To Net: NetName=NetC6_2 Pin=C6-2
Added Pin To Net: NetName=NetC6_2 Pin=R6-1
Added Pin To Net: NetName=NetC6_2 Pin=S6-2
Added Net: Name=NetC6_2
Added Member To Class: ClassName=[03] - SCHEMATIC Member=Component C2 Cap2
Added Member To Class: ClassName=[03] - SCHEMATIC Member=Component C3 Cap2
Added Member To Class: ClassName=[03] - SCHEMATIC Member=Component C4 Cap2
Added Member To Class: ClassName=[03] - SCHEMATIC Member=Component C5 Cap2
Added Member To Class: ClassName=[03] - SCHEMATIC Member=Component C6 Cap2
Added Member To Class: ClassName=[03] - SCHEMATIC Member=Component R1 Res1
Added Member To Class: ClassName=[03] - SCHEMATIC Member=Component R2 Res1
Added Member To Class: ClassName=[03] - SCHEMATIC Member=Component R3 Res1
Added Member To Class: ClassName=[03] - SCHEMATIC Member=Component R4 Res1
Added Member To Class: ClassName=[03] - SCHEMATIC Member=Component R5 Res1
Added Member To Class: ClassName=[03] - SCHEMATIC Member=Component S1 SW-PB
Added Member To Class: ClassName=[03] - SCHEMATIC Member=Component S2 SW-PB
Added Member To Class: ClassName=[03] - SCHEMATIC Member=Component S3 SW-PB
Added Member To Class: ClassName=[03] - SCHEMATIC Member=Component S4 SW-PB
Added Member To Class: ClassName=[03] - SCHEMATIC Member=Component S5 SW-PB
