#
# There is insufficient memory for the Java Runtime Environment to continue.
# Native memory allocation (mmap) failed to map 268435456 bytes. Error detail: G1 virtual space
# Possible reasons:
#   The system is out of physical RAM or swap space
#   This process is running with CompressedOops enabled, and the Java Heap may be blocking the growth of the native heap
# Possible solutions:
#   Reduce memory load on the system
#   Increase physical memory or swap space
#   Check if swap backing store is full
#   Decrease Java heap size (-Xmx/-Xms)
#   Decrease number of Java threads
#   Decrease Java thread stack sizes (-Xss)
#   Set larger code cache with -XX:ReservedCodeCacheSize=
#   JVM is running with Unscaled Compressed Oops mode in which the Java heap is
#     placed in the first 4GB address space. The Java Heap base address is the
#     maximum limit for the native heap growth. Please use -XX:HeapBaseMinAddress
#     to set the Java Heap base and to place the Java Heap above 4GB virtual address.
# This output file may be truncated or incomplete.
#
#  Out of Memory Error (os_windows.cpp:3603), pid=21704, tid=24132
#
# JRE version:  (21.0.3+9) (build )
# Java VM: OpenJDK 64-Bit Server VM (21.0.3+9-LTS, mixed mode, sharing, tiered, compressed oops, compressed class ptrs, g1 gc, windows-amd64)
# No core dump will be written. Minidumps are not enabled by default on client versions of Windows
#

---------------  S U M M A R Y ------------

Command Line: -Dosgi.requiredJavaVersion=1.8 -Dosgi.instance.area.default=@user.home/STM32CubeIDE/workspace_1.19.0 -Declipse.buildId=Version 1.19.0 -DproductMaturityGrade=mm -Djdk.http.auth.tunneling.disabledSchemes= -XX:+UseG1GC -XX:+UseStringDeduplication -Xms256m -Xmx1024m -Djavax.net.ssl.trustStoreType=WINDOWS-ROOT 

Host: AMD Ryzen 5 3450U with Radeon Vega Mobile Gfx  , 8 cores, 5G,  Windows 11 , 64 bit Build 22621 (10.0.22621.5415)
Time: Tue Oct 21 08:46:40 2025 Hora estándar, América Central elapsed time: 0.012036 seconds (0d 0h 0m 0s)

---------------  T H R E A D  ---------------

Current thread (0x000001ba1d87eef0):  JavaThread "Unknown thread" [_thread_in_vm, id=24132, stack(0x000000a293200000,0x000000a293300000) (1024K)]

Stack: [0x000000a293200000,0x000000a293300000]
Native frames: (J=compiled Java code, j=interpreted, Vv=VM code, C=native code)
V  [jvm.dll+0x6c8699]
V  [jvm.dll+0x8a2061]
V  [jvm.dll+0x8a458e]
V  [jvm.dll+0x8a4c63]
V  [jvm.dll+0x27e476]
V  [jvm.dll+0x6c4e15]
V  [jvm.dll+0x6b9b0a]
V  [jvm.dll+0x3523ba]
V  [jvm.dll+0x359f66]
V  [jvm.dll+0x3ab1be]
V  [jvm.dll+0x3ab468]
V  [jvm.dll+0x3265fc]
V  [jvm.dll+0x32715b]
V  [jvm.dll+0x86b0b9]
V  [jvm.dll+0x3b81c1]
V  [jvm.dll+0x854318]
V  [jvm.dll+0x44c55e]
V  [jvm.dll+0x44e081]
C  [eclipse_11904.dll+0x74c2]
C  [eclipse_11904.dll+0x42ea]
C  [stm32cubeide.exe+0x1fd9]
C  [stm32cubeide.exe+0x3cb4]
C  [KERNEL32.DLL+0x1259d]
C  [ntdll.dll+0x5af78]


---------------  P R O C E S S  ---------------

Threads class SMR info:
_java_thread_list=0x00007fff23cce048, length=0, elements={
}

Java Threads: ( => current thread )
Total: 0

Other Threads:
  0x000001ba1d8b7030 WorkerThread "GC Thread#0"                     [id=944, stack(0x000000a293600000,0x000000a293700000) (1024K)]
  0x000001ba1d8c1970 ConcurrentGCThread "G1 Main Marker"            [id=6980, stack(0x000000a293700000,0x000000a293800000) (1024K)]
  0x000001ba1d8c4970 WorkerThread "G1 Conc#0"                       [id=1852, stack(0x000000a293800000,0x000000a293900000) (1024K)]

[error occurred during error reporting (printing all threads), id 0xc0000005, EXCEPTION_ACCESS_VIOLATION (0xc0000005) at pc=0x00007fff233d8f27]
VM state: not at safepoint (not fully initialized)

VM Mutex/Monitor currently owned by a thread:  ([mutex/lock_event])
[0x00007fff23d42228] Heap_lock - owner thread: 0x000001ba1d87eef0

Heap address: 0x00000000c0000000, size: 1024 MB, Compressed Oops mode: 32-bit

CDS archive(s) mapped at: [0x0000000000000000-0x0000000000000000-0x0000000000000000), size 0, SharedBaseAddress: 0x0000000800000000, ArchiveRelocationMode: 1.
Narrow klass base: 0x0000000000000000, Narrow klass shift: 0, Narrow klass range: 0x0

GC Precious Log:
 CardTable entry size: 512
 Card Set container configuration: InlinePtr #cards 5 size 8 Array Of Cards #cards 12 size 40 Howl #buckets 4 coarsen threshold 1843 Howl Bitmap #cards 512 size 80 coarsen threshold 460 Card regions per heap region 1 cards per card region 2048

Heap:
 garbage-first heap   total 0K, used 0K [0x00000000c0000000, 0x0000000100000000)
  region size 1024K, 0 young (0K), 0 survivors (0K)

[error occurred during error reporting (printing heap information), id 0xc0000005, EXCEPTION_ACCESS_VIOLATION (0xc0000005) at pc=0x00007fff237c2069]
GC Heap History (0 events):
No events

Dll operation events (1 events):
Event: 0.008 Loaded shared library C:\ST\STM32CubeIDE_1.19.0\STM32CubeIDE\plugins\com.st.stm32cube.ide.jre.win64_3.4.0.202409160955\jre\bin\java.dll

Deoptimization events (0 events):
No events

Classes loaded (0 events):
No events

Classes unloaded (0 events):
No events

Classes redefined (0 events):
No events

Internal exceptions (0 events):
No events

ZGC Phase Switch (0 events):
No events

VM Operations (0 events):
No events

Events (0 events):
No events


Dynamic libraries:
0x00007ff787630000 - 0x00007ff7876b9000 	C:\ST\STM32CubeIDE_1.19.0\STM32CubeIDE\stm32cubeide.exe
0x00007fff7d930000 - 0x00007fff7db47000 	C:\WINDOWS\SYSTEM32\ntdll.dll
0x00007fff7ce10000 - 0x00007fff7ced4000 	C:\WINDOWS\System32\KERNEL32.DLL
0x00007fff7b1e0000 - 0x00007fff7b5b2000 	C:\WINDOWS\System32\KERNELBASE.dll
0x00007fff7bb80000 - 0x00007fff7bd31000 	C:\WINDOWS\System32\USER32.dll
0x00007fff7aa20000 - 0x00007fff7aa46000 	C:\WINDOWS\System32\win32u.dll
0x00007fff7bf00000 - 0x00007fff7bf29000 	C:\WINDOWS\System32\GDI32.dll
0x00007fff7aa50000 - 0x00007fff7ab73000 	C:\WINDOWS\System32\gdi32full.dll
0x00007fff7ac30000 - 0x00007fff7acca000 	C:\WINDOWS\System32\msvcp_win.dll
0x00007fff7acd0000 - 0x00007fff7ade1000 	C:\WINDOWS\System32\ucrtbase.dll
0x00007fff66370000 - 0x00007fff6660b000 	C:\WINDOWS\WinSxS\amd64_microsoft.windows.common-controls_6595b64144ccf1df_6.0.22621.5547_none_27104afb73855772\COMCTL32.dll
0x00007fff7d320000 - 0x00007fff7d3c7000 	C:\WINDOWS\System32\msvcrt.dll
0x00007fff7c070000 - 0x00007fff7c0a1000 	C:\WINDOWS\System32\IMM32.DLL
0x00007fff5b7a0000 - 0x00007fff5b7e5000 	C:\ST\STM32CubeIDE_1.19.0\STM32CubeIDE\plugins\org.eclipse.equinox.launcher.win32.win32.x86_64_1.2.1100.v20240722-2106\eclipse_11904.dll
0x00007fff7d0d0000 - 0x00007fff7d181000 	C:\WINDOWS\System32\ADVAPI32.dll
0x00007fff7cee0000 - 0x00007fff7cf88000 	C:\WINDOWS\System32\sechost.dll
0x00007fff7ac00000 - 0x00007fff7ac28000 	C:\WINDOWS\System32\bcrypt.dll
0x00007fff7bf30000 - 0x00007fff7c044000 	C:\WINDOWS\System32\RPCRT4.dll
0x00007fff7c160000 - 0x00007fff7c300000 	C:\WINDOWS\System32\ole32.dll
0x00007fff7d4e0000 - 0x00007fff7d873000 	C:\WINDOWS\System32\combase.dll
0x00007fff742b0000 - 0x00007fff742ba000 	C:\WINDOWS\SYSTEM32\VERSION.dll
0x00007fff230a0000 - 0x00007fff23e22000 	C:\ST\STM32CubeIDE_1.19.0\STM32CubeIDE\plugins\com.st.stm32cube.ide.jre.win64_3.4.0.202409160955\jre\bin\server\jvm.dll
0x00007fff7d2a0000 - 0x00007fff7d311000 	C:\WINDOWS\System32\WS2_32.dll
0x00007fff5f230000 - 0x00007fff5f24e000 	C:\WINDOWS\SYSTEM32\VCRUNTIME140.dll
0x00007fff7a8f0000 - 0x00007fff7a93d000 	C:\WINDOWS\SYSTEM32\POWRPROF.dll
0x00007fff73980000 - 0x00007fff739b4000 	C:\WINDOWS\SYSTEM32\WINMM.dll
0x00007fff5fad0000 - 0x00007fff5fadc000 	C:\WINDOWS\SYSTEM32\VCRUNTIME140_1.dll
0x00007fff7a8d0000 - 0x00007fff7a8e3000 	C:\WINDOWS\SYSTEM32\UMPDC.dll
0x00007fff6cdc0000 - 0x00007fff6cdca000 	C:\ST\STM32CubeIDE_1.19.0\STM32CubeIDE\plugins\com.st.stm32cube.ide.jre.win64_3.4.0.202409160955\jre\bin\jimage.dll
0x00007fff6f910000 - 0x00007fff6fb43000 	C:\WINDOWS\SYSTEM32\DBGHELP.DLL
0x00007fff7b5c0000 - 0x00007fff7b697000 	C:\WINDOWS\System32\OLEAUT32.dll
0x00007fff69a60000 - 0x00007fff69a92000 	C:\WINDOWS\SYSTEM32\dbgcore.DLL
0x00007fff7aeb0000 - 0x00007fff7af2b000 	C:\WINDOWS\System32\bcryptPrimitives.dll
0x00007fff5bd30000 - 0x00007fff5bd4f000 	C:\ST\STM32CubeIDE_1.19.0\STM32CubeIDE\plugins\com.st.stm32cube.ide.jre.win64_3.4.0.202409160955\jre\bin\java.dll
0x00007fff79a50000 - 0x00007fff79a68000 	C:\WINDOWS\SYSTEM32\kernel.appcore.dll

dbghelp: loaded successfully - version: 4.0.5 - missing functions: none
symbol engine: initialized successfully - sym options: 0x614 - pdb path: .;C:\ST\STM32CubeIDE_1.19.0\STM32CubeIDE;C:\WINDOWS\SYSTEM32;C:\WINDOWS\WinSxS\amd64_microsoft.windows.common-controls_6595b64144ccf1df_6.0.22621.5547_none_27104afb73855772;C:\ST\STM32CubeIDE_1.19.0\STM32CubeIDE\plugins\org.eclipse.equinox.launcher.win32.win32.x86_64_1.2.1100.v20240722-2106;C:\ST\STM32CubeIDE_1.19.0\STM32CubeIDE\plugins\com.st.stm32cube.ide.jre.win64_3.4.0.202409160955\jre\bin\server;C:\ST\STM32CubeIDE_1.19.0\STM32CubeIDE\plugins\com.st.stm32cube.ide.jre.win64_3.4.0.202409160955\jre\bin

VM Arguments:
jvm_args: -Dosgi.requiredJavaVersion=1.8 -Dosgi.instance.area.default=@user.home/STM32CubeIDE/workspace_1.19.0 -Declipse.buildId=Version 1.19.0 -DproductMaturityGrade=mm -Djdk.http.auth.tunneling.disabledSchemes= -XX:+UseG1GC -XX:+UseStringDeduplication -Xms256m -Xmx1024m -Djavax.net.ssl.trustStoreType=WINDOWS-ROOT 
java_command: <unknown>
java_class_path (initial): C:\ST\STM32CubeIDE_1.19.0\STM32CubeIDE\\plugins/org.eclipse.equinox.launcher_1.6.900.v20240613-2009.jar
Launcher Type: generic

[Global flags]
     intx CICompilerCount                          = 4                                         {product} {ergonomic}
     uint ConcGCThreads                            = 2                                         {product} {ergonomic}
     uint G1ConcRefinementThreads                  = 8                                         {product} {ergonomic}
   size_t G1HeapRegionSize                         = 1048576                                   {product} {ergonomic}
    uintx GCDrainStackTargetSize                   = 64                                        {product} {ergonomic}
   size_t InitialHeapSize                          = 268435456                                 {product} {command line}
   size_t MarkStackSize                            = 4194304                                   {product} {ergonomic}
   size_t MaxHeapSize                              = 1073741824                                {product} {command line}
   size_t MinHeapDeltaBytes                        = 1048576                                   {product} {ergonomic}
   size_t MinHeapSize                              = 268435456                                 {product} {command line}
    uintx NonNMethodCodeHeapSize                   = 5839372                                {pd product} {ergonomic}
    uintx NonProfiledCodeHeapSize                  = 122909434                              {pd product} {ergonomic}
    uintx ProfiledCodeHeapSize                     = 122909434                              {pd product} {ergonomic}
    uintx ReservedCodeCacheSize                    = 251658240                              {pd product} {ergonomic}
     bool SegmentedCodeCache                       = true                                      {product} {ergonomic}
   size_t SoftMaxHeapSize                          = 1073741824                             {manageable} {ergonomic}
     bool UseCompressedOops                        = true                           {product lp64_product} {ergonomic}
     bool UseG1GC                                  = true                                      {product} {command line}
     bool UseLargePagesIndividualAllocation        = false                                  {pd product} {ergonomic}
     bool UseStringDeduplication                   = true                                      {product} {command line}

Logging:
Log output configuration:
 #0: stdout all=warning uptime,level,tags foldmultilines=false
 #1: stderr all=off uptime,level,tags foldmultilines=false

Environment Variables:
PATH=C:\Program Files (x86)\VMware\VMware Workstation\bin\;C:\Program Files (x86)\Common Files\Oracle\Java\java8path;C:\Program Files (x86)\Common Files\Oracle\Java\javapath;C:\WINDOWS\system32;C:\WINDOWS;C:\WINDOWS\System32\Wbem;C:\WINDOWS\System32\WindowsPowerShell\v1.0\;C:\WINDOWS\System32\OpenSSH\;C:\Program Files\dotnet\;C:\Program Files\Microchip\xc8\v2.36\bin;C:\Program Files (x86)\IVI Foundation\VISA\WinNT\Bin\;C:\Program Files\IVI Foundation\VISA\Win64\Bin\;C:\Program Files (x86)\National Instruments\Shared\LabVIEW CLI;C:\Program Files (x86)\IVI Foundation\VISA\WinNT\Bin;C:\Program Files\PuTTY\;C:\Users\valen\AppData\Local\Programs\Python\Python311\Scripts\;C:\Users\valen\AppData\Local\Programs\Python\Python311\;C:\Users\valen\AppData\Local\Microsoft\WindowsApps;C:\Users\valen\AppData\Local\Programs\Microsoft VS Code\bin;C:\Users\valen\AppData\Local\GitHubDesktop\bin
USERNAME=valen
OS=Windows_NT
PROCESSOR_IDENTIFIER=AMD64 Family 23 Model 24 Stepping 1, AuthenticAMD
TMP=C:\Users\valen\AppData\Local\Temp
TEMP=C:\Users\valen\AppData\Local\Temp




Periodic native trim disabled

---------------  S Y S T E M  ---------------

OS:
 Windows 11 , 64 bit Build 22621 (10.0.22621.5415)
OS uptime: 1 days 2:39 hours

CPU: total 8 (initial active 8) (8 cores per cpu, 2 threads per core) family 23 model 24 stepping 1 microcode 0x0, cx8, cmov, fxsr, ht, mmx, 3dnowpref, sse, sse2, sse3, ssse3, sse4a, sse4.1, sse4.2, popcnt, lzcnt, tsc, tscinvbit, avx, avx2, aes, clmul, bmi1, bmi2, adx, sha, fma, vzeroupper, clflush, clflushopt, rdtscp, f16c
Processor Information for all 8 processors :
  Max Mhz: 2100, Current Mhz: 2100, Mhz Limit: 2100

Memory: 4k page, system-wide physical 6030M (470M free)
TotalPageFile size 24462M (AvailPageFile size 347M)
current process WorkingSet (physical memory assigned to process): 11M, peak: 11M
current process commit charge ("private bytes"): 60M, peak: 316M

vm_info: OpenJDK 64-Bit Server VM (21.0.3+9-LTS) for windows-amd64 JRE (21.0.3+9-LTS), built on 2024-04-16T00:00:00Z by "admin" with MS VC++ 17.7 (VS2022)

END.
